<?xml version="1.0" encoding="UTF-8"?>
<!-- Generated by org.testng.reporters.JUnitXMLReporter -->
<testsuite hostname="welcome-PC" ignored="9" name="WebOrders" tests="13" failures="11" timestamp="30 Mar 2021 11:59:14 GMT" time="21.174" errors="0">
  <testcase name="@BeforeClass beforeClass" time="0.016" classname="testPages.OrderTypePageTest">
    <failure type="java.lang.NullPointerException">
      <![CDATA[java.lang.NullPointerException
at base.BaseClass.initlization(BaseClass.java:33)
at testPages.OrderTypePageTest.beforeClass(OrderTypePageTest.java:34)
... Removed 26 stack frames]]>
    </failure>
  </testcase> <!-- @BeforeClass beforeClass -->
  <testcase name="Verify_clickOnCollections" time="0.0" classname="testPages.OrderTypePageTest">
    <skipped/>
  </testcase> <!-- Verify_clickOnCollections -->
  <testcase name="Verify_clickOnFoodMenu" time="5.008" classname="testPages.MenuWebPageTest">
    <failure type="java.lang.NullPointerException">
      <![CDATA[java.lang.NullPointerException
at pages.MenuWebPage.clickOnFoodMenu(MenuWebPage.java:49)
at testPages.MenuWebPageTest.Verify_clickOnFoodMenu(MenuWebPageTest.java:48)
... Removed 25 stack frames]]>
    </failure>
  </testcase> <!-- Verify_clickOnFoodMenu -->
  <testcase name="verify_Proceed" time="0.0" classname="testPages.OrderTypePageTest">
    <skipped/>
  </testcase> <!-- verify_Proceed -->
  <testcase name="Verify_clickonFoodCat_ItemMod" time="0.0" classname="testPages.MenuWebPageTest">
    <failure type="java.lang.NullPointerException">
      <![CDATA[java.lang.NullPointerException
at pages.MenuWebPage.clickOnFoodCat_ItemMod(MenuWebPage.java:95)
at testPages.MenuWebPageTest.Verify_clickonFoodCat_ItemMod(MenuWebPageTest.java:57)
... Removed 25 stack frames]]>
    </failure>
  </testcase> <!-- Verify_clickonFoodCat_ItemMod -->
  <testcase name="Verify_clickonFoodCat_Items_cat" time="0.0" classname="testPages.MenuWebPageTest">
    <failure type="java.lang.NullPointerException">
      <![CDATA[java.lang.NullPointerException
at pages.MenuWebPage.clickOnFoodCat_Items_cat(MenuWebPage.java:102)
at testPages.MenuWebPageTest.Verify_clickonFoodCat_Items_cat(MenuWebPageTest.java:70)
... Removed 25 stack frames]]>
    </failure>
  </testcase> <!-- Verify_clickonFoodCat_Items_cat -->
  <testcase name="Verify_clickonFoodCat_ItemsMultiprice_cat" time="0.0" classname="testPages.MenuWebPageTest">
    <failure type="java.lang.NullPointerException">
      <![CDATA[java.lang.NullPointerException
at pages.MenuWebPage.clickOnFoodCat_ItemsMultiprice_cat(MenuWebPage.java:109)
at testPages.MenuWebPageTest.Verify_clickonFoodCat_ItemsMultiprice_cat(MenuWebPageTest.java:83)
... Removed 25 stack frames]]>
    </failure>
  </testcase> <!-- Verify_clickonFoodCat_ItemsMultiprice_cat -->
  <testcase name="Verify_clickonDrinkMenu" time="5.009" classname="testPages.MenuWebPageTest">
    <failure type="java.lang.NullPointerException">
      <![CDATA[java.lang.NullPointerException
at pages.MenuWebPage.clickonDrinkMenu(MenuWebPage.java:68)
at testPages.MenuWebPageTest.Verify_clickonDrinkMenu(MenuWebPageTest.java:96)
... Removed 25 stack frames]]>
    </failure>
  </testcase> <!-- Verify_clickonDrinkMenu -->
  <testcase name="Verify_clickonFoodCat_DrinksItems_cat" time="0.0" classname="testPages.MenuWebPageTest">
    <failure type="java.lang.NullPointerException">
      <![CDATA[java.lang.NullPointerException
at pages.MenuWebPage.clickOnDrinksCat_DrinksItems_cat(MenuWebPage.java:116)
at testPages.MenuWebPageTest.Verify_clickonFoodCat_DrinksItems_cat(MenuWebPageTest.java:104)
... Removed 25 stack frames]]>
    </failure>
  </testcase> <!-- Verify_clickonFoodCat_DrinksItems_cat -->
  <testcase name="Verify_clickonMealsMenu" time="5.024" classname="testPages.MenuWebPageTest">
    <failure type="java.lang.NullPointerException">
      <![CDATA[java.lang.NullPointerException
at pages.MenuWebPage.clickonMealsMenu(MenuWebPage.java:78)
at testPages.MenuWebPageTest.Verify_clickonMealsMenu(MenuWebPageTest.java:124)
... Removed 25 stack frames]]>
    </failure>
  </testcase> <!-- Verify_clickonMealsMenu -->
  <testcase name="Verify_clickonFoodCat_MealDeals_cat" time="0.0" classname="testPages.MenuWebPageTest">
    <failure type="java.lang.NullPointerException">
      <![CDATA[java.lang.NullPointerException
at pages.MenuWebPage.clickOnFoodCat_ItemMod(MenuWebPage.java:95)
at testPages.MenuWebPageTest.Verify_clickonFoodCat_MealDeals_cat(MenuWebPageTest.java:133)
... Removed 25 stack frames]]>
    </failure>
  </testcase> <!-- Verify_clickonFoodCat_MealDeals_cat -->
  <testcase name="Verify_clickonFoodCat_MixMatch_cat" time="0.0" classname="testPages.MenuWebPageTest">
    <failure type="java.lang.NullPointerException">
      <![CDATA[java.lang.NullPointerException
at pages.MenuWebPage.clickOnFoodCat_ItemMod(MenuWebPage.java:95)
at testPages.MenuWebPageTest.Verify_clickonFoodCat_MixMatch_cat(MenuWebPageTest.java:147)
... Removed 25 stack frames]]>
    </failure>
  </testcase> <!-- Verify_clickonFoodCat_MixMatch_cat -->
  <testcase name="Verify_clickonPizzaMenu" time="5.008" classname="testPages.MenuWebPageTest">
    <failure type="java.lang.NullPointerException">
      <![CDATA[java.lang.NullPointerException
at pages.MenuWebPage.clickonPizzasMenu(MenuWebPage.java:89)
at testPages.MenuWebPageTest.Verify_clickonPizzaMenu(MenuWebPageTest.java:166)
... Removed 25 stack frames]]>
    </failure>
  </testcase> <!-- Verify_clickonPizzaMenu -->
  <testcase name="Verify_clickonFoodCat_Pizza_cat" time="0.015" classname="testPages.MenuWebPageTest">
    <failure type="java.lang.NullPointerException">
      <![CDATA[java.lang.NullPointerException
at pages.MenuWebPage.clickOnPizzaCat_Pizza_cat(MenuWebPage.java:137)
at testPages.MenuWebPageTest.Verify_clickonFoodCat_Pizza_cat(MenuWebPageTest.java:174)
... Removed 25 stack frames]]>
    </failure>
  </testcase> <!-- Verify_clickonFoodCat_Pizza_cat -->
  <testcase name="Verify_selectIDM1" time="0.0" classname="testPages.MenuWebPageTest">
    <ignored/>
  </testcase> <!-- Verify_selectIDM1 -->
  <testcase name="Verify_selectIDM2" time="0.0" classname="testPages.MenuWebPageTest">
    <ignored/>
  </testcase> <!-- Verify_selectIDM2 -->
  <testcase name="Verify_clickOnItemMod" time="0.0" classname="testPages.MenuWebPageTest">
    <ignored/>
  </testcase> <!-- Verify_clickOnItemMod -->
  <testcase name="Verify_Browse" time="0.0" classname="testPages.OrderTypePageTest">
    <ignored/>
  </testcase> <!-- Verify_Browse -->
  <testcase name="Verify_clickOnAddCart" time="0.0" classname="testPages.MenuWebPageTest">
    <ignored/>
  </testcase> <!-- Verify_clickOnAddCart -->
  <testcase name="verifty_clickOnDelivery" time="0.0" classname="testPages.OrderTypePageTest">
    <ignored/>
  </testcase> <!-- verifty_clickOnDelivery -->
  <testcase name="radioButton_selectNo" time="0.0" classname="testPages.OrderTypePageTest">
    <ignored/>
  </testcase> <!-- radioButton_selectNo -->
  <testcase name="verify_clickOnAddCart" time="0.0" classname="testPages.MenuWebPageTest">
    <ignored/>
  </testcase> <!-- verify_clickOnAddCart -->
  <testcase name="verify_CheckOutAmount" time="0.0" classname="testPages.MenuWebPageTest">
    <ignored/>
  </testcase> <!-- verify_CheckOutAmount -->
</testsuite> <!-- WebOrders -->
