<?xml version="1.0" encoding="UTF-8"?>
<testng-results skipped="0" failed="0" ignored="0" total="1" passed="1">
  <reporter-output>
  </reporter-output>
  <suite name="Default suite" duration-ms="21348" started-at="2023-05-27T12:44:29 IST" finished-at="2023-05-27T12:44:51 IST">
    <groups>
    </groups>
    <test name="Default test" duration-ms="21348" started-at="2023-05-27T12:44:29 IST" finished-at="2023-05-27T12:44:51 IST">
      <class name="apii.practicse.CommonUtils">
        <test-method status="PASS" signature="addimagetoexcel()[pri:0, instance:apii.practicse.CommonUtils@4b553d26]" name="addimagetoexcel" duration-ms="21237" started-at="2023-05-27T12:44:30 IST" finished-at="2023-05-27T12:44:51 IST">
          <reporter-output>
          </reporter-output>
        </test-method> <!-- addimagetoexcel -->
      </class> <!-- apii.practicse.CommonUtils -->
    </test> <!-- Default test -->
  </suite> <!-- Default suite -->
</testng-results>
