<?xml version="1.0" encoding="UTF-8"?>
<testng-results ignored="0" total="3" passed="3" failed="0" skipped="0">
  <reporter-output>
  </reporter-output>
  <suite started-at="2021-03-15T11:07:51Z" name="Default suite" finished-at="2021-03-15T11:08:26Z" duration-ms="34253">
    <groups>
    </groups>
    <test started-at="2021-03-15T11:07:51Z" name="Default test" finished-at="2021-03-15T11:08:26Z" duration-ms="34253">
      <class name="com.demo.qa.testcases.Loginpagetest">
        <test-method is-config="true" signature="setup()[pri:0, instance:com.demo.qa.testcases.Loginpagetest@4e50c791]" started-at="2021-03-15T11:07:51Z" name="setup" finished-at="2021-03-15T11:08:01Z" duration-ms="9276" status="PASS">
          <reporter-output>
          </reporter-output>
        </test-method> <!-- setup -->
        <test-method signature="loginTitletest()[pri:1, instance:com.demo.qa.testcases.Loginpagetest@4e50c791]" started-at="2021-03-15T11:08:01Z" name="loginTitletest" finished-at="2021-03-15T11:08:01Z" duration-ms="26" status="PASS">
          <reporter-output>
          </reporter-output>
        </test-method> <!-- loginTitletest -->
        <test-method is-config="true" signature="teardown()[pri:0, instance:com.demo.qa.testcases.Loginpagetest@4e50c791]" started-at="2021-03-15T11:08:01Z" name="teardown" finished-at="2021-03-15T11:08:03Z" duration-ms="2321" status="PASS">
          <reporter-output>
          </reporter-output>
        </test-method> <!-- teardown -->
        <test-method is-config="true" signature="setup()[pri:0, instance:com.demo.qa.testcases.Loginpagetest@4e50c791]" started-at="2021-03-15T11:08:03Z" name="setup" finished-at="2021-03-15T11:08:13Z" duration-ms="9785" status="PASS">
          <reporter-output>
          </reporter-output>
        </test-method> <!-- setup -->
        <test-method signature="imagetest()[pri:2, instance:com.demo.qa.testcases.Loginpagetest@4e50c791]" started-at="2021-03-15T11:08:13Z" name="imagetest" finished-at="2021-03-15T11:08:13Z" duration-ms="347" status="PASS">
          <reporter-output>
          </reporter-output>
        </test-method> <!-- imagetest -->
        <test-method is-config="true" signature="teardown()[pri:0, instance:com.demo.qa.testcases.Loginpagetest@4e50c791]" started-at="2021-03-15T11:08:13Z" name="teardown" finished-at="2021-03-15T11:08:14Z" duration-ms="697" status="PASS">
          <reporter-output>
          </reporter-output>
        </test-method> <!-- teardown -->
        <test-method is-config="true" signature="setup()[pri:0, instance:com.demo.qa.testcases.Loginpagetest@4e50c791]" started-at="2021-03-15T11:08:14Z" name="setup" finished-at="2021-03-15T11:08:23Z" duration-ms="8869" status="PASS">
          <reporter-output>
          </reporter-output>
        </test-method> <!-- setup -->
        <test-method signature="logintest()[pri:3, instance:com.demo.qa.testcases.Loginpagetest@4e50c791]" started-at="2021-03-15T11:08:23Z" name="logintest" finished-at="2021-03-15T11:08:24Z" duration-ms="1198" status="PASS">
          <reporter-output>
          </reporter-output>
        </test-method> <!-- logintest -->
        <test-method is-config="true" signature="teardown()[pri:0, instance:com.demo.qa.testcases.Loginpagetest@4e50c791]" started-at="2021-03-15T11:08:24Z" name="teardown" finished-at="2021-03-15T11:08:26Z" duration-ms="1704" status="PASS">
          <reporter-output>
          </reporter-output>
        </test-method> <!-- teardown -->
      </class> <!-- com.demo.qa.testcases.Loginpagetest -->
    </test> <!-- Default test -->
  </suite> <!-- Default suite -->
</testng-results>
