<?xml version="1.0" encoding="UTF-8"?>
<!-- Generated by org.testng.reporters.JUnitXMLReporter -->
<testsuite ignored="0" hostname="Venkatesh" failures="1" tests="2" name="Test" time="13.573" errors="0" timestamp="18 Mar 2021 09:25:27 GMT">
  <testcase classname="com.app.testcases.Apploginpagetest" name="capabityinput" time="3.379"/>
  <testcase classname="com.app.testcases.Apploginpagetest" name="input" time="5.005">
    <failure type="java.lang.NullPointerException" message="Cannot invoke &amp;quot;io.appium.java_client.android.AndroidElement.sendKeys(java.lang.CharSequence[])&amp;quot; because &amp;quot;this.textbox&amp;quot; is null">
      <![CDATA[java.lang.NullPointerException: Cannot invoke "io.appium.java_client.android.AndroidElement.sendKeys(java.lang.CharSequence[])" because "this.textbox" is null
	at com.app.pages.Applogin.postcode(Applogin.java:36)
	at com.app.testcases.Apploginpagetest.input(Apploginpagetest.java:68)
... Removed 25 stack frames]]>
    </failure>
  </testcase> <!-- input -->
</testsuite> <!-- Test -->
