<?xml version="1.0" encoding="UTF-8"?>
<testng-results skipped="0" failed="0" ignored="0" total="1" passed="1">
  <reporter-output>
  </reporter-output>
  <suite name="Default suite" duration-ms="87601" started-at="2021-08-27T16:05:59Z" finished-at="2021-08-27T16:07:27Z">
    <groups>
    </groups>
    <test name="Default test" duration-ms="87601" started-at="2021-08-27T16:05:59Z" finished-at="2021-08-27T16:07:27Z">
      <class name="jking.jking.Trail">
        <test-method status="PASS" signature="actt()[pri:0, instance:jking.jking.Trail@482f8f11]" name="actt" duration-ms="87497" started-at="2021-08-27T16:05:59Z" finished-at="2021-08-27T16:07:27Z">
          <reporter-output>
          </reporter-output>
        </test-method> <!-- actt -->
      </class> <!-- jking.jking.Trail -->
    </test> <!-- Default test -->
  </suite> <!-- Default suite -->
</testng-results>
