<?xml version="1.0" encoding="UTF-8"?>
<testng-results ignored="0" total="2" passed="1" failed="1" skipped="0">
  <reporter-output>
  </reporter-output>
  <suite started-at="2021-03-19T05:46:25Z" name="Default suite" finished-at="2021-03-19T05:47:04Z" duration-ms="38362">
    <groups>
    </groups>
    <test started-at="2021-03-19T05:46:25Z" name="Default test" finished-at="2021-03-19T05:47:04Z" duration-ms="38362">
      <class name="com.app.testcases.Apploginpagetest">
        <test-method is-config="true" signature="setup()[pri:0, instance:com.app.testcases.Apploginpagetest@6f27a732]" started-at="2021-03-19T05:46:20Z" name="setup" finished-at="2021-03-19T05:46:25Z" duration-ms="5292" status="PASS">
          <reporter-output>
          </reporter-output>
        </test-method> <!-- setup -->
        <test-method signature="capabityinput()[pri:1, instance:com.app.testcases.Apploginpagetest@6f27a732]" started-at="2021-03-19T05:46:25Z" name="capabityinput" finished-at="2021-03-19T05:46:56Z" duration-ms="30950" status="FAIL">
          <exception class="java.lang.NullPointerException">
            <message>
              <![CDATA[Cannot invoke "io.appium.java_client.android.AndroidElement.sendKeys(java.lang.CharSequence[])" because "this.textbox" is null]]>
            </message>
            <full-stacktrace>
              <![CDATA[java.lang.NullPointerException: Cannot invoke "io.appium.java_client.android.AndroidElement.sendKeys(java.lang.CharSequence[])" because "this.textbox" is null
at com.app.pages.Applogin.postcode(Applogin.java:38)
at com.app.testcases.Apploginpagetest.capabityinput(Apploginpagetest.java:56)
at java.base/jdk.internal.reflect.NativeMethodAccessorImpl.invoke0(Native Method)
at java.base/jdk.internal.reflect.NativeMethodAccessorImpl.invoke(NativeMethodAccessorImpl.java:64)
at java.base/jdk.internal.reflect.DelegatingMethodAccessorImpl.invoke(DelegatingMethodAccessorImpl.java:43)
at java.base/java.lang.reflect.Method.invoke(Method.java:564)
at org.testng.internal.MethodInvocationHelper.invokeMethod(MethodInvocationHelper.java:124)
at org.testng.internal.Invoker.invokeMethod(Invoker.java:583)
at org.testng.internal.Invoker.invokeTestMethod(Invoker.java:719)
at org.testng.internal.Invoker.invokeTestMethods(Invoker.java:989)
at org.testng.internal.TestMethodWorker.invokeTestMethods(TestMethodWorker.java:125)
at org.testng.internal.TestMethodWorker.run(TestMethodWorker.java:109)
at org.testng.TestRunner.privateRun(TestRunner.java:648)
at org.testng.TestRunner.run(TestRunner.java:505)
at org.testng.SuiteRunner.runTest(SuiteRunner.java:455)
at org.testng.SuiteRunner.runSequentially(SuiteRunner.java:450)
at org.testng.SuiteRunner.privateRun(SuiteRunner.java:415)
at org.testng.SuiteRunner.run(SuiteRunner.java:364)
at org.testng.SuiteRunnerWorker.runSuite(SuiteRunnerWorker.java:52)
at org.testng.SuiteRunnerWorker.run(SuiteRunnerWorker.java:84)
at org.testng.TestNG.runSuitesSequentially(TestNG.java:1208)
at org.testng.TestNG.runSuitesLocally(TestNG.java:1137)
at org.testng.TestNG.runSuites(TestNG.java:1049)
at org.testng.TestNG.run(TestNG.java:1017)
at org.testng.remote.AbstractRemoteTestNG.run(AbstractRemoteTestNG.java:115)
at org.testng.remote.RemoteTestNG.initAndRun(RemoteTestNG.java:251)
at org.testng.remote.RemoteTestNG.main(RemoteTestNG.java:77)
]]>
            </full-stacktrace>
          </exception> <!-- java.lang.NullPointerException -->
          <reporter-output>
          </reporter-output>
        </test-method> <!-- capabityinput -->
        <test-method signature="input()[pri:2, instance:com.app.testcases.Apploginpagetest@6f27a732]" started-at="2021-03-19T05:46:59Z" name="input" finished-at="2021-03-19T05:47:04Z" duration-ms="5005" status="PASS">
          <reporter-output>
          </reporter-output>
        </test-method> <!-- input -->
        <test-method is-config="true" signature="teardown()[pri:0, instance:com.app.testcases.Apploginpagetest@6f27a732]" started-at="2021-03-19T05:47:04Z" name="teardown" finished-at="2021-03-19T05:47:07Z" duration-ms="3049" status="PASS">
          <reporter-output>
          </reporter-output>
        </test-method> <!-- teardown -->
      </class> <!-- com.app.testcases.Apploginpagetest -->
    </test> <!-- Default test -->
  </suite> <!-- Default suite -->
</testng-results>
