<?xml version="1.0" encoding="UTF-8"?>
<!-- Generated by org.testng.reporters.JUnitXMLReporter -->
<testsuite ignored="0" hostname="Venkatesh" failures="0" tests="3" name="Default test" time="34.253" errors="0" timestamp="15 Mar 2021 11:08:26 GMT">
  <testcase classname="com.demo.qa.testcases.Loginpagetest" name="loginTitletest" time="0.026"/>
  <testcase classname="com.demo.qa.testcases.Loginpagetest" name="imagetest" time="0.347"/>
  <testcase classname="com.demo.qa.testcases.Loginpagetest" name="logintest" time="1.198"/>
</testsuite> <!-- Default test -->
