<?xml version="1.0" encoding="UTF-8"?>
<testng-results ignored="0" total="1" passed="1" failed="0" skipped="0">
  <reporter-output>
  </reporter-output>
  <suite started-at="2021-03-19T08:22:37 GMT" name="Default suite" finished-at="2021-03-19T08:22:37 GMT" duration-ms="86">
    <groups>
    </groups>
    <test started-at="2021-03-19T08:22:37 GMT" name="Default test" finished-at="2021-03-19T08:22:37 GMT" duration-ms="86">
      <class name="com.eposhybrid.Traning">
        <test-method is-config="true" signature="intalize()[pri:0, instance:com.eposhybrid.Traning@194bcebf]" started-at="2021-03-19T08:22:26 GMT" name="intalize" finished-at="2021-03-19T08:22:37 GMT" duration-ms="10946" status="PASS">
          <reporter-output>
          </reporter-output>
        </test-method> <!-- intalize -->
        <test-method signature="comp()[pri:0, instance:com.eposhybrid.Traning@194bcebf]" started-at="2021-03-19T08:22:37 GMT" name="comp" finished-at="2021-03-19T08:22:37 GMT" duration-ms="32" status="PASS">
          <reporter-output>
          </reporter-output>
        </test-method> <!-- comp -->
        <test-method is-config="true" signature="teardown()[pri:0, instance:com.eposhybrid.Traning@194bcebf]" started-at="2021-03-19T08:22:37 GMT" name="teardown" finished-at="2021-03-19T08:22:38 GMT" duration-ms="91" status="PASS">
          <reporter-output>
          </reporter-output>
        </test-method> <!-- teardown -->
      </class> <!-- com.eposhybrid.Traning -->
    </test> <!-- Default test -->
  </suite> <!-- Default suite -->
</testng-results>
