<?xml version="1.0" encoding="UTF-8"?>
<!-- Generated by org.testng.reporters.JUnitXMLReporter -->
<testsuite hostname="welcome-PC" ignored="0" name="Test" tests="3" failures="0" timestamp="2023-04-07T09:56:17 IST" time="12.742" errors="0">
  <testcase name="sd" time="7.632" classname="apii.practicse.GoRestApi"/>
  <testcase name="getapi" time="10.092" classname="apii.practicse.GoRestApi"/>
  <testcase name="createapi" time="12.625" classname="apii.practicse.GoRestApi"/>
</testsuite> <!-- Test -->
